#
# There is insufficient memory for the Java Runtime Environment to continue.
# Native memory allocation (malloc) failed to allocate 275536 bytes for Chunk::new
# Possible reasons:
#   The system is out of physical RAM or swap space
#   In 32 bit mode, the process size limit was hit
# Possible solutions:
#   Reduce memory load on the system
#   Increase physical memory or swap space
#   Check if swap backing store is full
#   Use 64 bit Java on a 64 bit OS
#   Decrease Java heap size (-Xmx/-Xms)
#   Decrease number of Java threads
#   Decrease Java thread stack sizes (-Xss)
#   Set larger code cache with -XX:ReservedCodeCacheSize=
# This output file may be truncated or incomplete.
#
#  Out of Memory Error (allocation.cpp:390), pid=924, tid=0x0000000000001354
#
# JRE version: Java(TM) SE Runtime Environment (8.0_191-b12) (build 1.8.0_191-b12)
# Java VM: Java HotSpot(TM) 64-Bit Server VM (25.191-b12 mixed mode windows-amd64 compressed oops)
# Failed to write core dump. Minidumps are not enabled by default on client versions of Windows
#

---------------  T H R E A D  ---------------

Current thread (0x000000001b44f000):  JavaThread "C2 CompilerThread1" daemon [_thread_in_native, id=4948, stack(0x000000001bc20000,0x000000001bd20000)]

Stack: [0x000000001bc20000,0x000000001bd20000]
[error occurred during error reporting (printing stack bounds), id 0xc0000005]

Native frames: (J=compiled Java code, j=interpreted, Vv=VM code, C=native code)


Current CompileTask:
C2:  92337 6825   !   4       com.mysql.jdbc.Buffer::readString (121 bytes)


---------------  P R O C E S S  ---------------

Java Threads: ( => current thread )
  0x000000001d0ec000 JavaThread "DubboServerHandler-192.168.218.1:20883-thread-4" daemon [_thread_blocked, id=1104, stack(0x0000000027fd0000,0x00000000280d0000)]
  0x000000001d0f0800 JavaThread "DubboServerHandler-192.168.218.1:20883-thread-3" daemon [_thread_blocked, id=15196, stack(0x0000000027cd0000,0x0000000027dd0000)]
  0x000000001d0eb800 JavaThread "Druid-ConnectionPool-Destroy-201863897" daemon [_thread_blocked, id=15520, stack(0x0000000027bd0000,0x0000000027cd0000)]
  0x000000001d0ee800 JavaThread "Druid-ConnectionPool-Create-201863897" daemon [_thread_in_native, id=7116, stack(0x0000000027ad0000,0x0000000027bd0000)]
  0x000000001d0ea800 JavaThread "Abandoned connection cleanup thread" daemon [_thread_blocked, id=17816, stack(0x00000000279d0000,0x0000000027ad0000)]
  0x000000001d0f0000 JavaThread "DubboServerHandler-192.168.218.1:20883-thread-2" daemon [_thread_blocked, id=18036, stack(0x00000000278d0000,0x00000000279d0000)]
  0x000000001d0ed800 JavaThread "New I/O server worker #1-1" daemon [_thread_in_native, id=9232, stack(0x00000000277d0000,0x00000000278d0000)]
  0x000000001d2bd000 JavaThread "DubboServerHandler-192.168.218.1:20883-thread-1" daemon [_thread_blocked, id=1180, stack(0x00000000276d0000,0x00000000277d0000)]
  0x000000001d2bb800 JavaThread "http-bio-89-AsyncTimeout" daemon [_thread_blocked, id=1196, stack(0x00000000273d0000,0x00000000274d0000)]
  0x000000001d2c1000 JavaThread "http-bio-89-Acceptor-0" daemon [_thread_in_native, id=11560, stack(0x00000000272d0000,0x00000000273d0000)]
  0x000000001d2c1800 JavaThread "ContainerBackgroundProcessor[StandardEngine[Tomcat]]" daemon [_thread_blocked, id=4316, stack(0x00000000271d0000,0x00000000272d0000)]
  0x000000001d2c0000 JavaThread "DubboSaveRegistryCache-thread-1" daemon [_thread_blocked, id=7060, stack(0x00000000270d0000,0x00000000271d0000)]
  0x000000001d2be000 JavaThread "DubboFutureCallbackDefault-thread-1" daemon [_thread_blocked, id=3828, stack(0x0000000026cd0000,0x0000000026dd0000)]
  0x0000000020ed1800 JavaThread "DubboZkclientConnector-EventThread" daemon [_thread_blocked, id=10752, stack(0x0000000026ad0000,0x0000000026bd0000)]
  0x0000000020ed3000 JavaThread "DubboZkclientConnector-SendThread(192.168.218.128:2181)" daemon [_thread_in_native, id=15904, stack(0x00000000269d0000,0x0000000026ad0000)]
  0x000000001d5a3000 JavaThread "ZkClient-EventThread-22-192.168.218.128:2181" daemon [_thread_blocked, id=5432, stack(0x00000000268d0000,0x00000000269d0000)]
  0x000000001d5a5000 JavaThread "DubboRegistryFailedRetryTimer-thread-1" daemon [_thread_blocked, id=8920, stack(0x00000000266d0000,0x00000000267d0000)]
  0x000000001e451800 JavaThread "dubbo-remoting-server-heartbeat-thread-1" daemon [_thread_blocked, id=16724, stack(0x00000000265d0000,0x00000000266d0000)]
  0x000000001e451000 JavaThread "New I/O server boss #1 ([id: 0x73851fa8, /0:0:0:0:0:0:0:0:20883])" daemon [_thread_in_native, id=16284, stack(0x00000000264d0000,0x00000000265d0000)]
  0x0000000022aa3000 JavaThread "Thread-3" daemon [_thread_in_native, id=19140, stack(0x0000000025970000,0x0000000025a70000)]
  0x000000001b4ec000 JavaThread "Service Thread" daemon [_thread_blocked, id=4868, stack(0x000000001be20000,0x000000001bf20000)]
  0x000000001b450800 JavaThread "C1 CompilerThread2" daemon [_thread_blocked, id=3944, stack(0x000000001bd20000,0x000000001be20000)]
=>0x000000001b44f000 JavaThread "C2 CompilerThread1" daemon [_thread_in_native, id=4948, stack(0x000000001bc20000,0x000000001bd20000)]
  0x000000001b44c000 JavaThread "C2 CompilerThread0" daemon [_thread_blocked, id=11716, stack(0x000000001bb20000,0x000000001bc20000)]
  0x000000001b447000 JavaThread "Monitor Ctrl-Break" daemon [_thread_in_native, id=3552, stack(0x000000001ba20000,0x000000001bb20000)]
  0x000000001a0cf800 JavaThread "Attach Listener" daemon [_thread_blocked, id=17532, stack(0x000000001b920000,0x000000001ba20000)]
  0x000000001b428800 JavaThread "Signal Dispatcher" daemon [_thread_blocked, id=6236, stack(0x000000001b820000,0x000000001b920000)]
  0x000000000574a800 JavaThread "Finalizer" daemon [_thread_blocked, id=8524, stack(0x000000001b320000,0x000000001b420000)]
  0x0000000005742000 JavaThread "Reference Handler" daemon [_thread_blocked, id=14640, stack(0x000000001b220000,0x000000001b320000)]
  0x0000000005652800 JavaThread "main" [_thread_blocked, id=3692, stack(0x0000000004fb0000,0x00000000050b0000)]

Other Threads:
  0x000000001a087800 VMThread [stack: 0x000000001b120000,0x000000001b220000] [id=7836]
  0x000000001b4f3000 WatcherThread [stack: 0x000000001bf20000,0x000000001c020000] [id=14104]

VM state:not at safepoint (normal execution)

VM Mutex/Monitor currently owned by a thread: None

Heap:
 PSYoungGen      total 388608K, used 201525K [0x00000000d6e00000, 0x00000000f2700000, 0x0000000100000000)
  eden space 350208K, 46% used [0x00000000d6e00000,0x00000000e0d54fd8,0x00000000ec400000)
  from space 38400K, 99% used [0x00000000ef580000,0x00000000f1af84a8,0x00000000f1b00000)
  to   space 50688K, 0% used [0x00000000ec400000,0x00000000ec400000,0x00000000ef580000)
 ParOldGen       total 112128K, used 54795K [0x0000000084a00000, 0x000000008b780000, 0x00000000d6e00000)
  object space 112128K, 48% used [0x0000000084a00000,0x0000000087f82fe0,0x000000008b780000)
 Metaspace       used 44332K, capacity 45124K, committed 45568K, reserved 1089536K
  class space    used 5120K, capacity 5332K, committed 5376K, reserved 1048576K

Card table byte_map: [0x0000000014b10000,0x0000000014ef0000] byte_map_base: 0x00000000146eb000

Marking Bits: (ParMarkBitMap*) 0x0000000066fa3e30
 Begin Bits: [0x0000000015590000, 0x0000000017468000)
 End Bits:   [0x0000000017468000, 0x0000000019340000)

Polling page: 0x0000000003970000

CodeCache: size=245760Kb used=22670Kb max_used=22670Kb free=223089Kb
 bounds [0x0000000005750000, 0x0000000006da0000, 0x0000000014750000]
 total_blobs=6323 nmethods=5793 adapters=442
 compilation: enabled

Compilation events (10 events):
Event: 90.453 Thread 0x000000001b44c000 nmethod 6820 0x0000000006d75e50 code [0x0000000006d75fa0, 0x0000000006d761b8]
Event: 90.678 Thread 0x000000001b450800 6821       3       com.mysql.jdbc.MysqlIO::getNetworkResources (20 bytes)
Event: 90.679 Thread 0x000000001b450800 nmethod 6821 0x0000000006d5ded0 code [0x0000000006d5e040, 0x0000000006d5e2f0]
Event: 90.679 Thread 0x000000001b450800 6822       3       com.mysql.jdbc.NetworkResources::<init> (20 bytes)
Event: 90.679 Thread 0x000000001b450800 nmethod 6822 0x0000000006d5cf10 code [0x0000000006d5d060, 0x0000000006d5d250]
Event: 91.226 Thread 0x000000001b450800 6823       3       java.lang.StackTraceElement::toString (140 bytes)
Event: 91.228 Thread 0x000000001b450800 nmethod 6823 0x0000000006d73550 code [0x0000000006d73880, 0x0000000006d754c8]
Event: 91.777 Thread 0x000000001b450800 6824   !   3       com.mysql.jdbc.MysqlIO::nextRowFast (876 bytes)
Event: 91.782 Thread 0x000000001b450800 nmethod 6824 0x0000000006d8c110 code [0x0000000006d8c620, 0x0000000006d8f978]
Event: 92.282 Thread 0x000000001b44f000 6825   !   4       com.mysql.jdbc.Buffer::readString (121 bytes)

GC Heap History (10 events):
Event: 14.303 GC heap before
{Heap before GC invocations=10 (full 1):
 PSYoungGen      total 201216K, used 201194K [0x00000000d6e00000, 0x00000000e6900000, 0x0000000100000000)
  eden space 184320K, 100% used [0x00000000d6e00000,0x00000000e2200000,0x00000000e2200000)
  from space 16896K, 99% used [0x00000000e3880000,0x00000000e48fa810,0x00000000e4900000)
  to   space 23040K, 0% used [0x00000000e2200000,0x00000000e2200000,0x00000000e3880000)
 ParOldGen       total 65536K, used 30549K [0x0000000084a00000, 0x0000000088a00000, 0x00000000d6e00000)
  object space 65536K, 46% used [0x0000000084a00000,0x00000000867d5650,0x0000000088a00000)
 Metaspace       used 24052K, capacity 24626K, committed 24832K, reserved 1071104K
  class space    used 2783K, capacity 2966K, committed 3072K, reserved 1048576K
Event: 14.384 GC heap after
Heap after GC invocations=10 (full 1):
 PSYoungGen      total 207360K, used 23035K [0x00000000d6e00000, 0x00000000ead00000, 0x0000000100000000)
  eden space 184320K, 0% used [0x00000000d6e00000,0x00000000d6e00000,0x00000000e2200000)
  from space 23040K, 99% used [0x00000000e2200000,0x00000000e387ef80,0x00000000e3880000)
  to   space 31744K, 0% used [0x00000000e8e00000,0x00000000e8e00000,0x00000000ead00000)
 ParOldGen       total 65536K, used 43278K [0x0000000084a00000, 0x0000000088a00000, 0x00000000d6e00000)
  object space 65536K, 66% used [0x0000000084a00000,0x0000000087443b50,0x0000000088a00000)
 Metaspace       used 24052K, capacity 24626K, committed 24832K, reserved 1071104K
  class space    used 2783K, capacity 2966K, committed 3072K, reserved 1048576K
}
Event: 15.655 GC heap before
{Heap before GC invocations=11 (full 1):
 PSYoungGen      total 207360K, used 207355K [0x00000000d6e00000, 0x00000000ead00000, 0x0000000100000000)
  eden space 184320K, 100% used [0x00000000d6e00000,0x00000000e2200000,0x00000000e2200000)
  from space 23040K, 99% used [0x00000000e2200000,0x00000000e387ef80,0x00000000e3880000)
  to   space 31744K, 0% used [0x00000000e8e00000,0x00000000e8e00000,0x00000000ead00000)
 ParOldGen       total 65536K, used 43278K [0x0000000084a00000, 0x0000000088a00000, 0x00000000d6e00000)
  object space 65536K, 66% used [0x0000000084a00000,0x0000000087443b50,0x0000000088a00000)
 Metaspace       used 24063K, capacity 24636K, committed 24832K, reserved 1071104K
  class space    used 2785K, capacity 2968K, committed 3072K, reserved 1048576K
Event: 15.709 GC heap after
Heap after GC invocations=11 (full 1):
 PSYoungGen      total 287232K, used 31738K [0x00000000d6e00000, 0x00000000ebe00000, 0x0000000100000000)
  eden space 255488K, 0% used [0x00000000d6e00000,0x00000000d6e00000,0x00000000e6780000)
  from space 31744K, 99% used [0x00000000e8e00000,0x00000000eacfe918,0x00000000ead00000)
  to   space 39424K, 0% used [0x00000000e6780000,0x00000000e6780000,0x00000000e8e00000)
 ParOldGen       total 65536K, used 50720K [0x0000000084a00000, 0x0000000088a00000, 0x00000000d6e00000)
  object space 65536K, 77% used [0x0000000084a00000,0x0000000087b880f8,0x0000000088a00000)
 Metaspace       used 24063K, capacity 24636K, committed 24832K, reserved 1071104K
  class space    used 2785K, capacity 2968K, committed 3072K, reserved 1048576K
}
Event: 20.443 GC heap before
{Heap before GC invocations=12 (full 1):
 PSYoungGen      total 287232K, used 198322K [0x00000000d6e00000, 0x00000000ebe00000, 0x0000000100000000)
  eden space 255488K, 65% used [0x00000000d6e00000,0x00000000e10adfe0,0x00000000e6780000)
  from space 31744K, 99% used [0x00000000e8e00000,0x00000000eacfe918,0x00000000ead00000)
  to   space 39424K, 0% used [0x00000000e6780000,0x00000000e6780000,0x00000000e8e00000)
 ParOldGen       total 65536K, used 50720K [0x0000000084a00000, 0x0000000088a00000, 0x00000000d6e00000)
  object space 65536K, 77% used [0x0000000084a00000,0x0000000087b880f8,0x0000000088a00000)
 Metaspace       used 34580K, capacity 35220K, committed 35416K, reserved 1081344K
  class space    used 4093K, capacity 4298K, committed 4352K, reserved 1048576K
Event: 20.494 GC heap after
Heap after GC invocations=12 (full 1):
 PSYoungGen      total 294912K, used 20172K [0x00000000d6e00000, 0x00000000f1b00000, 0x0000000100000000)
  eden space 255488K, 0% used [0x00000000d6e00000,0x00000000d6e00000,0x00000000e6780000)
  from space 39424K, 51% used [0x00000000e6780000,0x00000000e7b332d8,0x00000000e8e00000)
  to   space 38400K, 0% used [0x00000000ef580000,0x00000000ef580000,0x00000000f1b00000)
 ParOldGen       total 65536K, used 54080K [0x0000000084a00000, 0x0000000088a00000, 0x00000000d6e00000)
  object space 65536K, 82% used [0x0000000084a00000,0x0000000087ed00a0,0x0000000088a00000)
 Metaspace       used 34580K, capacity 35220K, committed 35416K, reserved 1081344K
  class space    used 4093K, capacity 4298K, committed 4352K, reserved 1048576K
}
Event: 20.494 GC heap before
{Heap before GC invocations=13 (full 2):
 PSYoungGen      total 294912K, used 20172K [0x00000000d6e00000, 0x00000000f1b00000, 0x0000000100000000)
  eden space 255488K, 0% used [0x00000000d6e00000,0x00000000d6e00000,0x00000000e6780000)
  from space 39424K, 51% used [0x00000000e6780000,0x00000000e7b332d8,0x00000000e8e00000)
  to   space 38400K, 0% used [0x00000000ef580000,0x00000000ef580000,0x00000000f1b00000)
 ParOldGen       total 65536K, used 54080K [0x0000000084a00000, 0x0000000088a00000, 0x00000000d6e00000)
  object space 65536K, 82% used [0x0000000084a00000,0x0000000087ed00a0,0x0000000088a00000)
 Metaspace       used 34580K, capacity 35220K, committed 35416K, reserved 1081344K
  class space    used 4093K, capacity 4298K, committed 4352K, reserved 1048576K
Event: 20.660 GC heap after
Heap after GC invocations=13 (full 2):
 PSYoungGen      total 294912K, used 0K [0x00000000d6e00000, 0x00000000f1b00000, 0x0000000100000000)
  eden space 255488K, 0% used [0x00000000d6e00000,0x00000000d6e00000,0x00000000e6780000)
  from space 39424K, 0% used [0x00000000e6780000,0x00000000e6780000,0x00000000e8e00000)
  to   space 38400K, 0% used [0x00000000ef580000,0x00000000ef580000,0x00000000f1b00000)
 ParOldGen       total 112128K, used 37491K [0x0000000084a00000, 0x000000008b780000, 0x00000000d6e00000)
  object space 112128K, 33% used [0x0000000084a00000,0x0000000086e9cfe0,0x000000008b780000)
 Metaspace       used 34580K, capacity 35220K, committed 35416K, reserved 1081344K
  class space    used 4093K, capacity 4298K, committed 4352K, reserved 1048576K
}
Event: 82.038 GC heap before
{Heap before GC invocations=14 (full 2):
 PSYoungGen      total 294912K, used 255488K [0x00000000d6e00000, 0x00000000f1b00000, 0x0000000100000000)
  eden space 255488K, 100% used [0x00000000d6e00000,0x00000000e6780000,0x00000000e6780000)
  from space 39424K, 0% used [0x00000000e6780000,0x00000000e6780000,0x00000000e8e00000)
  to   space 38400K, 0% used [0x00000000ef580000,0x00000000ef580000,0x00000000f1b00000)
 ParOldGen       total 112128K, used 37491K [0x0000000084a00000, 0x000000008b780000, 0x00000000d6e00000)
  object space 112128K, 33% used [0x0000000084a00000,0x0000000086e9cfe0,0x000000008b780000)
 Metaspace       used 44297K, capacity 45124K, committed 45568K, reserved 1089536K
  class space    used 5119K, capacity 5332K, committed 5376K, reserved 1048576K
Event: 82.145 GC heap after
Heap after GC invocations=14 (full 2):
 PSYoungGen      total 388608K, used 38369K [0x00000000d6e00000, 0x00000000f2700000, 0x0000000100000000)
  eden space 350208K, 0% used [0x00000000d6e00000,0x00000000d6e00000,0x00000000ec400000)
  from space 38400K, 99% used [0x00000000ef580000,0x00000000f1af84a8,0x00000000f1b00000)
  to   space 50688K, 0% used [0x00000000ec400000,0x00000000ec400000,0x00000000ef580000)
 ParOldGen       total 112128K, used 54795K [0x0000000084a00000, 0x000000008b780000, 0x00000000d6e00000)
  object space 112128K, 48% used [0x0000000084a00000,0x0000000087f82fe0,0x000000008b780000)
 Metaspace       used 44297K, capacity 45124K, committed 45568K, reserved 1089536K
  class space    used 5119K, capacity 5332K, committed 5376K, reserved 1048576K
}

Deoptimization events (10 events):
Event: 82.145 Thread 0x0000000005742000 Uncommon trap: reason=unstable_if action=reinterpret pc=0x00000000062a59b8 method=java.lang.ref.Reference.tryHandlePending(Z)Z @ 20
Event: 90.677 Thread 0x000000001d0ee800 Uncommon trap: reason=unstable_if action=reinterpret pc=0x0000000006b1c9ec method=com.mysql.jdbc.MysqlIO.nextRowFast([Lcom/mysql/jdbc/Field;IZIZZZ)Lcom/mysql/jdbc/ResultSetRow; @ 205
Event: 90.677 Thread 0x000000001d0ee800 Uncommon trap: reason=null_check action=make_not_entrant pc=0x0000000006b93cd0 method=com.mysql.jdbc.StringUtils.findCharset(Ljava/lang/String;)Ljava/nio/charset/Charset; @ 7
Event: 90.678 Thread 0x000000001d0ee800 Uncommon trap: reason=bimorphic action=maybe_recompile pc=0x00000000069f6ecc method=java.nio.charset.CharsetDecoder.flush(Ljava/nio/CharBuffer;)Ljava/nio/charset/CoderResult; @ 10
Event: 90.678 Thread 0x000000001d0ee800 Uncommon trap: reason=unstable_if action=reinterpret pc=0x0000000006d7e684 method=com.mysql.jdbc.ConnectionImpl.loadServerVariables()V @ 683
Event: 90.680 Thread 0x000000001d0ee800 Uncommon trap: reason=uninitialized action=reinterpret pc=0x000000000642df0c method=com.mysql.jdbc.Util.handleNewInstance(Ljava/lang/reflect/Constructor;[Ljava/lang/Object;Lcom/mysql/jdbc/ExceptionInterceptor;)Ljava/lang/Object; @ 41
Event: 90.680 Thread 0x000000001d0ee800 Uncommon trap: reason=unstable_if action=reinterpret pc=0x0000000006b888e4 method=java.lang.StackTraceElement.toString()Ljava/lang/String; @ 42
Event: 90.994 Thread 0x000000001d0ee800 Uncommon trap: reason=bimorphic action=maybe_recompile pc=0x00000000069f6ecc method=java.nio.charset.CharsetDecoder.flush(Ljava/nio/CharBuffer;)Ljava/nio/charset/CoderResult; @ 10
Event: 91.148 Thread 0x000000001d0ee800 Uncommon trap: reason=bimorphic action=maybe_recompile pc=0x00000000069f6ecc method=java.nio.charset.CharsetDecoder.flush(Ljava/nio/CharBuffer;)Ljava/nio/charset/CoderResult; @ 10
Event: 91.225 Thread 0x000000001d0ee800 Uncommon trap: reason=bimorphic action=maybe_recompile pc=0x00000000069f6ecc method=java.nio.charset.CharsetDecoder.flush(Ljava/nio/CharBuffer;)Ljava/nio/charset/CoderResult; @ 10

Classes redefined (0 events):
No events

Internal exceptions (10 events):
Event: 21.396 Thread 0x000000001cc1a000 Exception <a 'java/lang/NoClassDefFoundError': org/apache/cxf/Bus> (0x00000000d880e960) thrown at [C:\re\workspace\8-2-build-windows-amd64-cygwin\jdk8u191\11896\hotspot\src\share\vm\classfile\systemDictionary.cpp, line 199]
Event: 21.398 Thread 0x000000001cc1a000 Exception <a 'java/lang/NoClassDefFoundError': net/rubyeye/xmemcached/MemcachedClientBuilder> (0x00000000d88383c0) thrown at [C:\re\workspace\8-2-build-windows-amd64-cygwin\jdk8u191\11896\hotspot\src\share\vm\classfile\systemDictionary.cpp, line 199]
Event: 21.405 Thread 0x000000001cc1a000 Exception <a 'java/lang/NoClassDefFoundError': org/jboss/resteasy/client/jaxrs/ClientHttpEngine> (0x00000000d8883c60) thrown at [C:\re\workspace\8-2-build-windows-amd64-cygwin\jdk8u191\11896\hotspot\src\share\vm\classfile\systemDictionary.cpp, line 199]
Event: 22.316 Thread 0x000000001cc1a000 Exception <a 'java/lang/NoClassDefFoundError': org/apache/thrift/TException> (0x00000000da9a59c8) thrown at [C:\re\workspace\8-2-build-windows-amd64-cygwin\jdk8u191\11896\hotspot\src\share\vm\classfile\systemDictionary.cpp, line 199]
Event: 23.156 Thread 0x000000001cc1a000 Exception <a 'java/io/FileNotFoundException'> (0x00000000dc719538) thrown at [C:\re\workspace\8-2-build-windows-amd64-cygwin\jdk8u191\11896\hotspot\src\share\vm\prims\jni.cpp, line 709]
Event: 90.677 Thread 0x000000001d0ee800 Implicit null exception at 0x0000000006b93433 to 0x0000000006b93ca0
Event: 90.679 Thread 0x000000001d0ee800 Exception <a 'java/lang/NullPointerException'> (0x00000000e08b4928) thrown at [C:\re\workspace\8-2-build-windows-amd64-cygwin\jdk8u191\11896\hotspot\src\share\vm\interpreter\linkResolver.cpp, line 1185]
Event: 90.995 Thread 0x000000001d0ee800 Exception <a 'java/lang/NullPointerException'> (0x00000000e08ebb20) thrown at [C:\re\workspace\8-2-build-windows-amd64-cygwin\jdk8u191\11896\hotspot\src\share\vm\interpreter\linkResolver.cpp, line 1185]
Event: 91.148 Thread 0x000000001d0ee800 Exception <a 'java/lang/NullPointerException'> (0x00000000e091a920) thrown at [C:\re\workspace\8-2-build-windows-amd64-cygwin\jdk8u191\11896\hotspot\src\share\vm\interpreter\linkResolver.cpp, line 1185]
Event: 91.226 Thread 0x000000001d0ee800 Exception <a 'java/lang/NullPointerException'> (0x00000000e0949720) thrown at [C:\re\workspace\8-2-build-windows-amd64-cygwin\jdk8u191\11896\hotspot\src\share\vm\interpreter\linkResolver.cpp, line 1185]

Events (10 events):
Event: 90.680 Thread 0x000000001d0ee800 DEOPT UNPACKING pc=0x000000000579583b sp=0x0000000027bcea28 mode 2
Event: 90.994 Thread 0x000000001d0ee800 Uncommon trap: trap_request=0xffffffc6 fr.pc=0x00000000069f6ecc
Event: 90.994 Thread 0x000000001d0ee800 DEOPT PACKING pc=0x00000000069f6ecc sp=0x0000000027bcdca0
Event: 90.994 Thread 0x000000001d0ee800 DEOPT UNPACKING pc=0x000000000579583b sp=0x0000000027bcdbf8 mode 2
Event: 91.148 Thread 0x000000001d0ee800 Uncommon trap: trap_request=0xffffffc6 fr.pc=0x00000000069f6ecc
Event: 91.148 Thread 0x000000001d0ee800 DEOPT PACKING pc=0x00000000069f6ecc sp=0x0000000027bcdca0
Event: 91.148 Thread 0x000000001d0ee800 DEOPT UNPACKING pc=0x000000000579583b sp=0x0000000027bcdbf8 mode 2
Event: 91.225 Thread 0x000000001d0ee800 Uncommon trap: trap_request=0xffffffc6 fr.pc=0x00000000069f6ecc
Event: 91.225 Thread 0x000000001d0ee800 DEOPT PACKING pc=0x00000000069f6ecc sp=0x0000000027bcdca0
Event: 91.225 Thread 0x000000001d0ee800 DEOPT UNPACKING pc=0x000000000579583b sp=0x0000000027bcdbf8 mode 2


Dynamic libraries:
0x00007ff6be860000 - 0x00007ff6be897000 	E:\java\jdk1.8.0_191\bin\java.exe
0x00007ffad9860000 - 0x00007ffad9a40000 	C:\Windows\SYSTEM32\ntdll.dll
0x00007ffad7450000 - 0x00007ffad74fe000 	C:\Windows\System32\KERNEL32.DLL
0x00007ffad5d90000 - 0x00007ffad5ff6000 	C:\Windows\System32\KERNELBASE.dll
0x00007ffad6e90000 - 0x00007ffad6f31000 	C:\Windows\System32\ADVAPI32.dll
0x00007ffad8260000 - 0x00007ffad82fd000 	C:\Windows\System32\msvcrt.dll
0x00007ffad7680000 - 0x00007ffad76db000 	C:\Windows\System32\sechost.dll
0x00007ffad7a30000 - 0x00007ffad7b4f000 	C:\Windows\System32\RPCRT4.dll
0x00007ffad80d0000 - 0x00007ffad825f000 	C:\Windows\System32\USER32.dll
0x00007ffad5c20000 - 0x00007ffad5c40000 	C:\Windows\System32\win32u.dll
0x00007ffad97e0000 - 0x00007ffad9808000 	C:\Windows\System32\GDI32.dll
0x00007ffad5970000 - 0x00007ffad5b03000 	C:\Windows\System32\gdi32full.dll
0x00007ffad5cf0000 - 0x00007ffad5d8b000 	C:\Windows\System32\msvcp_win.dll
0x00007ffad5b10000 - 0x00007ffad5c05000 	C:\Windows\System32\ucrtbase.dll
0x00007ffac3e70000 - 0x00007ffac40d9000 	C:\Windows\WinSxS\amd64_microsoft.windows.common-controls_6595b64144ccf1df_6.0.16299.666_none_15ccd8c093611867\COMCTL32.dll
0x00007ffad6b80000 - 0x00007ffad6e87000 	C:\Windows\System32\combase.dll
0x00007ffad6280000 - 0x00007ffad62f2000 	C:\Windows\System32\bcryptPrimitives.dll
0x00007ffad76e0000 - 0x00007ffad770d000 	C:\Windows\System32\IMM32.DLL
0x0000000067030000 - 0x0000000067102000 	E:\java\jdk1.8.0_191\jre\bin\msvcr100.dll
0x0000000066780000 - 0x0000000067024000 	E:\java\jdk1.8.0_191\jre\bin\server\jvm.dll
0x00007ffad6300000 - 0x00007ffad6323000 	C:\Windows\System32\WINMM.dll
0x00007ffad5920000 - 0x00007ffad594a000 	C:\Windows\System32\WINMMBASE.dll
0x00007ffad6000000 - 0x00007ffad604a000 	C:\Windows\System32\cfgmgr32.dll
0x00007ffad78c0000 - 0x00007ffad78c8000 	C:\Windows\System32\PSAPI.DLL
0x00007ffad2920000 - 0x00007ffad2929000 	C:\Windows\SYSTEM32\WSOCK32.dll
0x00007ffad7e10000 - 0x00007ffad7e7c000 	C:\Windows\System32\WS2_32.dll
0x00007ffad03f0000 - 0x00007ffad03fa000 	C:\Windows\SYSTEM32\VERSION.dll
0x0000000066770000 - 0x000000006677f000 	E:\java\jdk1.8.0_191\jre\bin\verify.dll
0x0000000066740000 - 0x0000000066769000 	E:\java\jdk1.8.0_191\jre\bin\java.dll
0x0000000066710000 - 0x0000000066733000 	E:\java\jdk1.8.0_191\jre\bin\instrument.dll
0x00000000666f0000 - 0x0000000066706000 	E:\java\jdk1.8.0_191\jre\bin\zip.dll
0x00007ffad8300000 - 0x00007ffad9738000 	C:\Windows\System32\SHELL32.dll
0x00007ffad7e80000 - 0x00007ffad7f26000 	C:\Windows\System32\shcore.dll
0x00007ffad6330000 - 0x00007ffad6a77000 	C:\Windows\System32\windows.storage.dll
0x00007ffad78d0000 - 0x00007ffad7921000 	C:\Windows\System32\shlwapi.dll
0x00007ffad5950000 - 0x00007ffad5961000 	C:\Windows\System32\kernel.appcore.dll
0x00007ffad6b30000 - 0x00007ffad6b7c000 	C:\Windows\System32\powrprof.dll
0x00007ffad58e0000 - 0x00007ffad58fb000 	C:\Windows\System32\profapi.dll
0x00007ffac86e0000 - 0x00007ffac86fa000 	D:\idea\IntelliJ IDEA 2018.2.5\bin\breakgen64.dll
0x00000000666d0000 - 0x00000000666ea000 	E:\java\jdk1.8.0_191\jre\bin\net.dll
0x00007ffad5140000 - 0x00007ffad51a6000 	C:\Windows\system32\mswsock.dll
0x00007ffad5300000 - 0x00007ffad5317000 	C:\Windows\SYSTEM32\CRYPTSP.dll
0x00007ffad4d40000 - 0x00007ffad4d73000 	C:\Windows\system32\rsaenh.dll
0x00007ffad5410000 - 0x00007ffad5435000 	C:\Windows\SYSTEM32\bcrypt.dll
0x00007ffad57e0000 - 0x00007ffad5809000 	C:\Windows\SYSTEM32\USERENV.dll
0x00007ffad5320000 - 0x00007ffad532b000 	C:\Windows\SYSTEM32\CRYPTBASE.dll
0x00007ffad4ed0000 - 0x00007ffad4f09000 	C:\Windows\SYSTEM32\IPHLPAPI.DLL
0x00007ffad7710000 - 0x00007ffad7718000 	C:\Windows\System32\NSI.dll
0x00007ffad0d60000 - 0x00007ffad0d76000 	C:\Windows\SYSTEM32\dhcpcsvc6.DLL
0x00007ffad0e30000 - 0x00007ffad0e4a000 	C:\Windows\SYSTEM32\dhcpcsvc.DLL
0x00000000666b0000 - 0x00000000666c1000 	E:\java\jdk1.8.0_191\jre\bin\nio.dll
0x00007ffad1a90000 - 0x00007ffad1a9a000 	C:\Users\Administrator\AppData\Local\Temp\jansi-1.17.1-1780387538949744360.dll
0x00007ffad1a80000 - 0x00007ffad1a8a000 	C:\Users\Administrator\AppData\Local\Temp\jansi-1.17.1-7226189589051495493.dll
0x00000000666a0000 - 0x00000000666ad000 	E:\java\jdk1.8.0_191\jre\bin\management.dll
0x00007ffac4eb0000 - 0x00007ffac4ec6000 	C:\Windows\system32\napinsp.dll
0x00007ffac4e90000 - 0x00007ffac4eaa000 	C:\Windows\system32\pnrpnsp.dll
0x00007ffad2810000 - 0x00007ffad2828000 	C:\Windows\system32\NLAapi.dll
0x00007ffad4f10000 - 0x00007ffad4fc6000 	C:\Windows\SYSTEM32\DNSAPI.dll
0x00007ffacc860000 - 0x00007ffacc86e000 	C:\Windows\System32\winrnr.dll
0x00007ffac4e70000 - 0x00007ffac4e85000 	C:\Windows\System32\wshbth.dll
0x00007ffacecd0000 - 0x00007ffacecda000 	C:\Windows\System32\rasadhlp.dll
0x00007ffad0150000 - 0x00007ffad01c0000 	C:\Windows\System32\fwpuclnt.dll

VM Arguments:
jvm_args: -Dmaven.multiModuleProjectDirectory=E:\wangyigou\wangyigou_parent\wangyigou_sellergoods_service -Dmaven.home=D:\apache-maven-3.6.0\apache-maven-3.6.0 -Dclassworlds.conf=D:\apache-maven-3.6.0\apache-maven-3.6.0\bin\m2.conf -javaagent:D:\idea\IntelliJ IDEA 2018.2.5\lib\idea_rt.jar=54079:D:\idea\IntelliJ IDEA 2018.2.5\bin -Dfile.encoding=UTF-8 
java_command: org.codehaus.classworlds.Launcher -Didea.version=2018.2.5 -s D:\apache-maven-3.6.0\apache-maven-3.6.0\conf\settings.xml -Dmaven.repo.local=D:\apache-maven-3.6.0\apache-maven-3.6.0\repository_wangyigou -DskipTests=true tomcat7:run
java_class_path (initial): D:\apache-maven-3.6.0\apache-maven-3.6.0\boot\plexus-classworlds-2.5.2.jar;D:\idea\IntelliJ IDEA 2018.2.5\lib\idea_rt.jar
Launcher Type: SUN_STANDARD

Environment Variables:
JAVA_HOME=E:\java\jdk1.8.0_191
PATH=C:\Windows\system32;C:\Windows;C:\Windows\System32\Wbem;C:\Windows\System32\WindowsPowerShell\v1.0\;E:\java\jdk1.8.0_191\bin;D:\svnr\bin;D:\mysql-8.0.13-winx64\bin;D:\P\python;D:\Git\cmd;E:\;C:\Users\Administrator\AppData\Local\Microsoft\WindowsApps;C:\Users\Administrator\AppData\Roaming\npm
USERNAME=Administrator
OS=Windows_NT
PROCESSOR_IDENTIFIER=Intel64 Family 6 Model 58 Stepping 9, GenuineIntel



---------------  S Y S T E M  ---------------

OS: Windows 10.0 , 64 bit Build 16299 (10.0.16299.431)

CPU:total 4 (initial active 4) (2 cores per cpu, 2 threads per core) family 6 model 58 stepping 9, cmov, cx8, fxsr, mmx, sse, sse2, sse3, ssse3, sse4.1, sse4.2, popcnt, avx, aes, clmul, erms, ht, tsc, tscinvbit, tscinv

Memory: 4k page, physical 8078996k(459196k free), swap 21186196k(4244k free)

vm_info: Java HotSpot(TM) 64-Bit Server VM (25.191-b12) for windows-amd64 JRE (1.8.0_191-b12), built on Oct  6 2018 09:29:03 by "java_re" with MS VC++ 10.0 (VS2010)

time: Thu Jan 31 16:07:40 2019
elapsed time: 92 seconds (0d 0h 1m 32s)

