#
# There is insufficient memory for the Java Runtime Environment to continue.
# Native memory allocation (malloc) failed to allocate 770016 bytes for Chunk::new
# Possible reasons:
#   The system is out of physical RAM or swap space
#   In 32 bit mode, the process size limit was hit
# Possible solutions:
#   Reduce memory load on the system
#   Increase physical memory or swap space
#   Check if swap backing store is full
#   Use 64 bit Java on a 64 bit OS
#   Decrease Java heap size (-Xmx/-Xms)
#   Decrease number of Java threads
#   Decrease Java thread stack sizes (-Xss)
#   Set larger code cache with -XX:ReservedCodeCacheSize=
# This output file may be truncated or incomplete.
#
#  Out of Memory Error (allocation.cpp:390), pid=7528, tid=0x0000000000002fd0
#
# JRE version: Java(TM) SE Runtime Environment (8.0_191-b12) (build 1.8.0_191-b12)
# Java VM: Java HotSpot(TM) 64-Bit Server VM (25.191-b12 mixed mode windows-amd64 compressed oops)
# Failed to write core dump. Minidumps are not enabled by default on client versions of Windows
#

---------------  T H R E A D  ---------------

Current thread (0x000000001a560800):  JavaThread "C2 CompilerThread1" daemon [_thread_in_native, id=12240, stack(0x000000001ad30000,0x000000001ae30000)]

Stack: [0x000000001ad30000,0x000000001ae30000]
[error occurred during error reporting (printing stack bounds), id 0xc0000005]

Native frames: (J=compiled Java code, j=interpreted, Vv=VM code, C=native code)


Current CompileTask:
C2:   7086 4193   !   4       org.apache.catalina.startup.ContextConfig::populateJavaClassCache (159 bytes)


---------------  P R O C E S S  ---------------

Java Threads: ( => current thread )
  0x000000001f47a800 JavaThread "localhost-startStop-1" daemon [_thread_in_Java, id=7980, stack(0x0000000020850000,0x0000000020950000)]
  0x000000001f995800 JavaThread "Tomcat-startStop-1" daemon [_thread_blocked, id=11244, stack(0x0000000020750000,0x0000000020850000)]
  0x000000001a5f6000 JavaThread "Service Thread" daemon [_thread_blocked, id=1660, stack(0x000000001af30000,0x000000001b030000)]
  0x000000001a579800 JavaThread "C1 CompilerThread2" daemon [_thread_blocked, id=12612, stack(0x000000001ae30000,0x000000001af30000)]
=>0x000000001a560800 JavaThread "C2 CompilerThread1" daemon [_thread_in_native, id=12240, stack(0x000000001ad30000,0x000000001ae30000)]
  0x000000001a55d800 JavaThread "C2 CompilerThread0" daemon [_thread_in_native, id=9668, stack(0x000000001ac30000,0x000000001ad30000)]
  0x000000001a559000 JavaThread "Monitor Ctrl-Break" daemon [_thread_in_native, id=11484, stack(0x000000001ab30000,0x000000001ac30000)]
  0x000000001923d800 JavaThread "Attach Listener" daemon [_thread_blocked, id=7048, stack(0x000000001aa30000,0x000000001ab30000)]
  0x000000001a540800 JavaThread "Signal Dispatcher" daemon [_thread_blocked, id=14072, stack(0x000000001a930000,0x000000001aa30000)]
  0x000000000486b800 JavaThread "Finalizer" daemon [_thread_blocked, id=9312, stack(0x000000001a430000,0x000000001a530000)]
  0x00000000191ca000 JavaThread "Reference Handler" daemon [_thread_blocked, id=5224, stack(0x000000001a330000,0x000000001a430000)]
  0x0000000004772800 JavaThread "main" [_thread_blocked, id=11008, stack(0x0000000004540000,0x0000000004640000)]

Other Threads:
  0x00000000191a7000 VMThread [stack: 0x000000001a230000,0x000000001a330000] [id=9680]
  0x000000001a60a000 WatcherThread [stack: 0x000000001b030000,0x000000001b130000] [id=10232]

VM state:not at safepoint (normal execution)

VM Mutex/Monitor currently owned by a thread: None

Heap:
 PSYoungGen      total 75776K, used 69498K [0x00000000d6e00000, 0x00000000ddb00000, 0x0000000100000000)
  eden space 63488K, 90% used [0x00000000d6e00000,0x00000000da5e1798,0x00000000dac00000)
  from space 12288K, 99% used [0x00000000dcf00000,0x00000000ddafd0a0,0x00000000ddb00000)
  to   space 5120K, 0% used [0x00000000dac00000,0x00000000dac00000,0x00000000db100000)
 ParOldGen       total 71680K, used 23061K [0x0000000084a00000, 0x0000000089000000, 0x00000000d6e00000)
  object space 71680K, 32% used [0x0000000084a00000,0x0000000086085468,0x0000000089000000)
 Metaspace       used 23981K, capacity 24558K, committed 24832K, reserved 1071104K
  class space    used 2783K, capacity 2966K, committed 3072K, reserved 1048576K

Card table byte_map: [0x0000000013c30000,0x0000000014010000] byte_map_base: 0x000000001380b000

Marking Bits: (ParMarkBitMap*) 0x0000000067353e30
 Begin Bits: [0x00000000146b0000, 0x0000000016588000)
 End Bits:   [0x0000000016588000, 0x0000000018460000)

Polling page: 0x0000000002520000

CodeCache: size=245760Kb used=12865Kb max_used=13340Kb free=232894Kb
 bounds [0x0000000004870000, 0x0000000005580000, 0x0000000013870000]
 total_blobs=4096 nmethods=3685 adapters=322
 compilation: enabled

Compilation events (10 events):
Event: 6.949 Thread 0x000000001a579800 4188       3       java.util.WeakHashMap::newTable (8 bytes)
Event: 6.949 Thread 0x000000001a579800 nmethod 4188 0x00000000051bb1d0 code [0x00000000051bb320, 0x00000000051bb4f0]
Event: 6.963 Thread 0x000000001a560800 4189  s    4       java.util.jar.JarFile::getInputStream (89 bytes)
Event: 6.970 Thread 0x000000001a55d800 4190   !   4       org.apache.catalina.startup.ContextConfig::checkHandlesTypes (453 bytes)
Event: 6.974 Thread 0x000000001a560800 nmethod 4189 0x0000000004f25690 code [0x0000000004f25820, 0x0000000004f25fc8]
Event: 6.974 Thread 0x000000001a560800 4191       4       java.util.HashSet::size (8 bytes)
Event: 6.974 Thread 0x000000001a560800 nmethod 4191 0x0000000004d6e950 code [0x0000000004d6ea80, 0x0000000004d6eaf8]
Event: 6.984 Thread 0x000000001a560800 4192       4       java.util.Collections$EmptySet::iterator (4 bytes)
Event: 6.985 Thread 0x000000001a560800 nmethod 4192 0x00000000050157d0 code [0x0000000005015900, 0x0000000005015978]
Event: 7.007 Thread 0x000000001a560800 4193   !   4       org.apache.catalina.startup.ContextConfig::populateJavaClassCache (159 bytes)

GC Heap History (10 events):
Event: 4.312 GC heap before
{Heap before GC invocations=5 (full 0):
 PSYoungGen      total 68608K, used 68600K [0x00000000d6e00000, 0x00000000db600000, 0x0000000100000000)
  eden space 63488K, 100% used [0x00000000d6e00000,0x00000000dac00000,0x00000000dac00000)
  from space 5120K, 99% used [0x00000000db100000,0x00000000db5fe050,0x00000000db600000)
  to   space 5120K, 0% used [0x00000000dac00000,0x00000000dac00000,0x00000000db100000)
 ParOldGen       total 84992K, used 5260K [0x0000000084a00000, 0x0000000089d00000, 0x00000000d6e00000)
  object space 84992K, 6% used [0x0000000084a00000,0x0000000084f233b8,0x0000000089d00000)
 Metaspace       used 17574K, capacity 17990K, committed 18304K, reserved 1064960K
  class space    used 2044K, capacity 2159K, committed 2176K, reserved 1048576K
Event: 4.325 GC heap after
Heap after GC invocations=5 (full 0):
 PSYoungGen      total 68608K, used 5096K [0x00000000d6e00000, 0x00000000db600000, 0x0000000100000000)
  eden space 63488K, 0% used [0x00000000d6e00000,0x00000000d6e00000,0x00000000dac00000)
  from space 5120K, 99% used [0x00000000dac00000,0x00000000db0fa040,0x00000000db100000)
  to   space 5120K, 0% used [0x00000000db100000,0x00000000db100000,0x00000000db600000)
 ParOldGen       total 84992K, used 9396K [0x0000000084a00000, 0x0000000089d00000, 0x00000000d6e00000)
  object space 84992K, 11% used [0x0000000084a00000,0x000000008532d2d8,0x0000000089d00000)
 Metaspace       used 17574K, capacity 17990K, committed 18304K, reserved 1064960K
  class space    used 2044K, capacity 2159K, committed 2176K, reserved 1048576K
}
Event: 5.236 GC heap before
{Heap before GC invocations=6 (full 0):
 PSYoungGen      total 68608K, used 56490K [0x00000000d6e00000, 0x00000000db600000, 0x0000000100000000)
  eden space 63488K, 80% used [0x00000000d6e00000,0x00000000da030850,0x00000000dac00000)
  from space 5120K, 99% used [0x00000000dac00000,0x00000000db0fa040,0x00000000db100000)
  to   space 5120K, 0% used [0x00000000db100000,0x00000000db100000,0x00000000db600000)
 ParOldGen       total 84992K, used 9396K [0x0000000084a00000, 0x0000000089d00000, 0x00000000d6e00000)
  object space 84992K, 11% used [0x0000000084a00000,0x000000008532d2d8,0x0000000089d00000)
 Metaspace       used 20681K, capacity 21162K, committed 21248K, reserved 1069056K
  class space    used 2412K, capacity 2559K, committed 2560K, reserved 1048576K
Event: 5.261 GC heap after
Heap after GC invocations=6 (full 0):
 PSYoungGen      total 68608K, used 5096K [0x00000000d6e00000, 0x00000000db600000, 0x0000000100000000)
  eden space 63488K, 0% used [0x00000000d6e00000,0x00000000d6e00000,0x00000000dac00000)
  from space 5120K, 99% used [0x00000000db100000,0x00000000db5fa020,0x00000000db600000)
  to   space 5120K, 0% used [0x00000000dac00000,0x00000000dac00000,0x00000000db100000)
 ParOldGen       total 84992K, used 14113K [0x0000000084a00000, 0x0000000089d00000, 0x00000000d6e00000)
  object space 84992K, 16% used [0x0000000084a00000,0x00000000857c8610,0x0000000089d00000)
 Metaspace       used 20681K, capacity 21162K, committed 21248K, reserved 1069056K
  class space    used 2412K, capacity 2559K, committed 2560K, reserved 1048576K
}
Event: 5.261 GC heap before
{Heap before GC invocations=7 (full 1):
 PSYoungGen      total 68608K, used 5096K [0x00000000d6e00000, 0x00000000db600000, 0x0000000100000000)
  eden space 63488K, 0% used [0x00000000d6e00000,0x00000000d6e00000,0x00000000dac00000)
  from space 5120K, 99% used [0x00000000db100000,0x00000000db5fa020,0x00000000db600000)
  to   space 5120K, 0% used [0x00000000dac00000,0x00000000dac00000,0x00000000db100000)
 ParOldGen       total 84992K, used 14113K [0x0000000084a00000, 0x0000000089d00000, 0x00000000d6e00000)
  object space 84992K, 16% used [0x0000000084a00000,0x00000000857c8610,0x0000000089d00000)
 Metaspace       used 20681K, capacity 21162K, committed 21248K, reserved 1069056K
  class space    used 2412K, capacity 2559K, committed 2560K, reserved 1048576K
Event: 5.391 GC heap after
Heap after GC invocations=7 (full 1):
 PSYoungGen      total 68608K, used 0K [0x00000000d6e00000, 0x00000000db600000, 0x0000000100000000)
  eden space 63488K, 0% used [0x00000000d6e00000,0x00000000d6e00000,0x00000000dac00000)
  from space 5120K, 0% used [0x00000000db100000,0x00000000db100000,0x00000000db600000)
  to   space 5120K, 0% used [0x00000000dac00000,0x00000000dac00000,0x00000000db100000)
 ParOldGen       total 71680K, used 13830K [0x0000000084a00000, 0x0000000089000000, 0x00000000d6e00000)
  object space 71680K, 19% used [0x0000000084a00000,0x0000000085781808,0x0000000089000000)
 Metaspace       used 20681K, capacity 21162K, committed 21248K, reserved 1069056K
  class space    used 2412K, capacity 2559K, committed 2560K, reserved 1048576K
}
Event: 6.429 GC heap before
{Heap before GC invocations=8 (full 1):
 PSYoungGen      total 68608K, used 63488K [0x00000000d6e00000, 0x00000000db600000, 0x0000000100000000)
  eden space 63488K, 100% used [0x00000000d6e00000,0x00000000dac00000,0x00000000dac00000)
  from space 5120K, 0% used [0x00000000db100000,0x00000000db100000,0x00000000db600000)
  to   space 5120K, 0% used [0x00000000dac00000,0x00000000dac00000,0x00000000db100000)
 ParOldGen       total 71680K, used 13830K [0x0000000084a00000, 0x0000000089000000, 0x00000000d6e00000)
  object space 71680K, 19% used [0x0000000084a00000,0x0000000085781808,0x0000000089000000)
 Metaspace       used 23968K, capacity 24558K, committed 24832K, reserved 1071104K
  class space    used 2783K, capacity 2966K, committed 3072K, reserved 1048576K
Event: 6.442 GC heap after
Heap after GC invocations=8 (full 1):
 PSYoungGen      total 68608K, used 5096K [0x00000000d6e00000, 0x00000000ddb00000, 0x0000000100000000)
  eden space 63488K, 0% used [0x00000000d6e00000,0x00000000d6e00000,0x00000000dac00000)
  from space 5120K, 99% used [0x00000000dac00000,0x00000000db0fa238,0x00000000db100000)
  to   space 12288K, 0% used [0x00000000dcf00000,0x00000000dcf00000,0x00000000ddb00000)
 ParOldGen       total 71680K, used 19639K [0x0000000084a00000, 0x0000000089000000, 0x00000000d6e00000)
  object space 71680K, 27% used [0x0000000084a00000,0x0000000085d2dcd0,0x0000000089000000)
 Metaspace       used 23968K, capacity 24558K, committed 24832K, reserved 1071104K
  class space    used 2783K, capacity 2966K, committed 3072K, reserved 1048576K
}
Event: 6.804 GC heap before
{Heap before GC invocations=9 (full 1):
 PSYoungGen      total 68608K, used 68584K [0x00000000d6e00000, 0x00000000ddb00000, 0x0000000100000000)
  eden space 63488K, 100% used [0x00000000d6e00000,0x00000000dac00000,0x00000000dac00000)
  from space 5120K, 99% used [0x00000000dac00000,0x00000000db0fa238,0x00000000db100000)
  to   space 12288K, 0% used [0x00000000dcf00000,0x00000000dcf00000,0x00000000ddb00000)
 ParOldGen       total 71680K, used 19639K [0x0000000084a00000, 0x0000000089000000, 0x00000000d6e00000)
  object space 71680K, 27% used [0x0000000084a00000,0x0000000085d2dcd0,0x0000000089000000)
 Metaspace       used 23980K, capacity 24558K, committed 24832K, reserved 1071104K
  class space    used 2783K, capacity 2966K, committed 3072K, reserved 1048576K
Event: 6.823 GC heap after
Heap after GC invocations=9 (full 1):
 PSYoungGen      total 75776K, used 12276K [0x00000000d6e00000, 0x00000000ddb00000, 0x0000000100000000)
  eden space 63488K, 0% used [0x00000000d6e00000,0x00000000d6e00000,0x00000000dac00000)
  from space 12288K, 99% used [0x00000000dcf00000,0x00000000ddafd0a0,0x00000000ddb00000)
  to   space 5120K, 0% used [0x00000000dac00000,0x00000000dac00000,0x00000000db100000)
 ParOldGen       total 71680K, used 23061K [0x0000000084a00000, 0x0000000089000000, 0x00000000d6e00000)
  object space 71680K, 32% used [0x0000000084a00000,0x0000000086085468,0x0000000089000000)
 Metaspace       used 23980K, capacity 24558K, committed 24832K, reserved 1071104K
  class space    used 2783K, capacity 2966K, committed 3072K, reserved 1048576K
}

Deoptimization events (10 events):
Event: 6.066 Thread 0x000000001f47a800 Uncommon trap: reason=unstable_if action=reinterpret pc=0x0000000004e6ba0c method=java.lang.AbstractStringBuilder.append([CII)Ljava/lang/AbstractStringBuilder; @ 1
Event: 6.286 Thread 0x000000001f47a800 Uncommon trap: reason=unstable_if action=reinterpret pc=0x0000000004b48b54 method=java.io.DataInputStream.readUTF(Ljava/io/DataInput;)Ljava/lang/String; @ 112
Event: 6.352 Thread 0x000000001f47a800 Uncommon trap: reason=unloaded action=reinterpret pc=0x0000000004b022c8 method=org.apache.tomcat.util.bcel.classfile.Attribute.readAttribute(Ljava/io/DataInputStream;Lorg/apache/tomcat/util/bcel/classfile/ConstantPool;)Lorg/apache/tomcat/util/bcel/classfi
Event: 6.353 Thread 0x000000001f47a800 Uncommon trap: reason=unstable_if action=reinterpret pc=0x0000000005540f04 method=org.codehaus.plexus.classworlds.realm.Entry.matches(Ljava/lang/String;)Z @ 209
Event: 6.369 Thread 0x000000001f47a800 Uncommon trap: reason=unloaded action=reinterpret pc=0x0000000004a3f618 method=org.apache.tomcat.util.bcel.classfile.Constant.readConstant(Ljava/io/DataInputStream;)Lorg/apache/tomcat/util/bcel/classfile/Constant; @ 146
Event: 6.550 Thread 0x000000001f47a800 Uncommon trap: reason=unstable_if action=reinterpret pc=0x0000000004fb3c34 method=org.apache.tomcat.util.bcel.classfile.ConstantUtf8$1.removeEldestEntry(Ljava/util/Map$Entry;)Z @ 7
Event: 6.615 Thread 0x000000001f47a800 Uncommon trap: reason=unstable_if action=reinterpret pc=0x0000000004be3b60 method=org.apache.tomcat.util.bcel.classfile.ConstantPool.<init>(Ljava/io/DataInputStream;)V @ 56
Event: 6.671 Thread 0x000000001f47a800 Uncommon trap: reason=unstable_if action=reinterpret pc=0x0000000004f6f850 method=java.util.LinkedHashMap.afterNodeAccess(Ljava/util/HashMap$Node;)V @ 41
Event: 6.774 Thread 0x000000001f47a800 Uncommon trap: reason=unstable_if action=reinterpret pc=0x00000000051c6654 method=java.util.HashMap.removeNode(ILjava/lang/Object;Ljava/lang/Object;ZZ)Ljava/util/HashMap$Node; @ 71
Event: 6.774 Thread 0x000000001f47a800 Uncommon trap: reason=unstable_if action=reinterpret pc=0x00000000052a7df4 method=java.util.HashMap.removeNode(ILjava/lang/Object;Ljava/lang/Object;ZZ)Ljava/util/HashMap$Node; @ 71

Classes redefined (0 events):
No events

Internal exceptions (10 events):
Event: 1.869 Thread 0x0000000004772800 Exception <a 'java/lang/NoClassDefFoundError': javax/annotation/Priority> (0x00000000d8140938) thrown at [C:\re\workspace\8-2-build-windows-amd64-cygwin\jdk8u191\11896\hotspot\src\share\vm\classfile\systemDictionary.cpp, line 199]
Event: 1.988 Thread 0x0000000004772800 Implicit null exception at 0x0000000004a3a41b to 0x0000000004a3a5c5
Event: 2.118 Thread 0x0000000004772800 Implicit null exception at 0x0000000004beb8d4 to 0x0000000004bebc79
Event: 2.118 Thread 0x0000000004772800 Implicit null exception at 0x0000000004a8d556 to 0x0000000004a8d8ed
Event: 2.538 Thread 0x0000000004772800 Implicit null exception at 0x0000000004c3f715 to 0x0000000004c3f8e5
Event: 2.538 Thread 0x0000000004772800 Implicit null exception at 0x0000000004bfe6ef to 0x0000000004bfe759
Event: 2.581 Thread 0x0000000004772800 Implicit null exception at 0x0000000004c05e1b to 0x0000000004c06281
Event: 2.772 Thread 0x0000000004772800 Implicit null exception at 0x0000000004f9ab55 to 0x0000000004f9bcd9
Event: 5.003 Thread 0x0000000004772800 Exception <a 'java/io/FileNotFoundException'> (0x00000000d9483318) thrown at [C:\re\workspace\8-2-build-windows-amd64-cygwin\jdk8u191\11896\hotspot\src\share\vm\prims\jni.cpp, line 709]
Event: 6.671 Thread 0x000000001f47a800 Implicit null exception at 0x0000000004f6e691 to 0x0000000004f6f829

Events (10 events):
Event: 6.824 Executing VM operation: RevokeBias
Event: 6.824 Executing VM operation: RevokeBias done
Event: 6.824 Executing VM operation: RevokeBias
Event: 6.824 Executing VM operation: RevokeBias done
Event: 6.826 Executing VM operation: RevokeBias
Event: 6.826 Executing VM operation: RevokeBias done
Event: 6.826 Executing VM operation: RevokeBias
Event: 6.826 Executing VM operation: RevokeBias done
Event: 6.990 Executing VM operation: RevokeBias
Event: 6.990 Executing VM operation: RevokeBias done


Dynamic libraries:
0x00007ff79be20000 - 0x00007ff79be57000 	E:\java\jdk1.8.0_191\bin\java.exe
0x00007fff8ffd0000 - 0x00007fff901b0000 	C:\Windows\SYSTEM32\ntdll.dll
0x00007fff8d660000 - 0x00007fff8d70e000 	C:\Windows\System32\KERNEL32.DLL
0x00007fff8cfb0000 - 0x00007fff8d216000 	C:\Windows\System32\KERNELBASE.dll
0x00007fff8da20000 - 0x00007fff8dac1000 	C:\Windows\System32\ADVAPI32.dll
0x00007fff8d560000 - 0x00007fff8d5fd000 	C:\Windows\System32\msvcrt.dll
0x00007fff8f1a0000 - 0x00007fff8f1fb000 	C:\Windows\System32\sechost.dll
0x00007fff8d440000 - 0x00007fff8d55f000 	C:\Windows\System32\RPCRT4.dll
0x00007fff8f950000 - 0x00007fff8fadf000 	C:\Windows\System32\USER32.dll
0x00007fff8cef0000 - 0x00007fff8cf10000 	C:\Windows\System32\win32u.dll
0x00007fff8f870000 - 0x00007fff8f898000 	C:\Windows\System32\GDI32.dll
0x00007fff8c300000 - 0x00007fff8c493000 	C:\Windows\System32\gdi32full.dll
0x00007fff8cf10000 - 0x00007fff8cfab000 	C:\Windows\System32\msvcp_win.dll
0x00007fff8c560000 - 0x00007fff8c655000 	C:\Windows\System32\ucrtbase.dll
0x00007fff7d460000 - 0x00007fff7d6c9000 	C:\Windows\WinSxS\amd64_microsoft.windows.common-controls_6595b64144ccf1df_6.0.16299.666_none_15ccd8c093611867\COMCTL32.dll
0x00007fff8f200000 - 0x00007fff8f507000 	C:\Windows\System32\combase.dll
0x00007fff8d270000 - 0x00007fff8d2e2000 	C:\Windows\System32\bcryptPrimitives.dll
0x00007fff8f920000 - 0x00007fff8f94d000 	C:\Windows\System32\IMM32.DLL
0x00000000666e0000 - 0x00000000667b2000 	E:\java\jdk1.8.0_191\jre\bin\msvcr100.dll
0x0000000066b30000 - 0x00000000673d4000 	E:\java\jdk1.8.0_191\jre\bin\server\jvm.dll
0x00007fff8ce60000 - 0x00007fff8ce83000 	C:\Windows\System32\WINMM.dll
0x00007fff8c070000 - 0x00007fff8c09a000 	C:\Windows\System32\WINMMBASE.dll
0x00007fff8c2b0000 - 0x00007fff8c2fa000 	C:\Windows\System32\cfgmgr32.dll
0x00007fff8f190000 - 0x00007fff8f198000 	C:\Windows\System32\PSAPI.DLL
0x00007fff881a0000 - 0x00007fff881a9000 	C:\Windows\SYSTEM32\WSOCK32.dll
0x00007fff8fae0000 - 0x00007fff8fb4c000 	C:\Windows\System32\WS2_32.dll
0x00007fff864a0000 - 0x00007fff864aa000 	C:\Windows\SYSTEM32\VERSION.dll
0x0000000067430000 - 0x000000006743f000 	E:\java\jdk1.8.0_191\jre\bin\verify.dll
0x0000000067400000 - 0x0000000067429000 	E:\java\jdk1.8.0_191\jre\bin\java.dll
0x0000000064cf0000 - 0x0000000064d13000 	E:\java\jdk1.8.0_191\jre\bin\instrument.dll
0x0000000066a30000 - 0x0000000066a46000 	E:\java\jdk1.8.0_191\jre\bin\zip.dll
0x00007fff8dbe0000 - 0x00007fff8f018000 	C:\Windows\System32\SHELL32.dll
0x00007fff8f570000 - 0x00007fff8f616000 	C:\Windows\System32\shcore.dll
0x00007fff8c710000 - 0x00007fff8ce57000 	C:\Windows\System32\windows.storage.dll
0x00007fff8f8a0000 - 0x00007fff8f8f1000 	C:\Windows\System32\shlwapi.dll
0x00007fff8c0c0000 - 0x00007fff8c0d1000 	C:\Windows\System32\kernel.appcore.dll
0x00007fff8d220000 - 0x00007fff8d26c000 	C:\Windows\System32\powrprof.dll
0x00007fff8c050000 - 0x00007fff8c06b000 	C:\Windows\System32\profapi.dll
0x00007fff63330000 - 0x00007fff6334a000 	D:\idea\IntelliJ IDEA 2018.2.5\bin\breakgen64.dll
0x0000000066a10000 - 0x0000000066a2a000 	E:\java\jdk1.8.0_191\jre\bin\net.dll
0x00007fff8b8b0000 - 0x00007fff8b916000 	C:\Windows\system32\mswsock.dll
0x00007fff8ba70000 - 0x00007fff8ba87000 	C:\Windows\SYSTEM32\CRYPTSP.dll
0x00007fff8b4b0000 - 0x00007fff8b4e3000 	C:\Windows\system32\rsaenh.dll
0x00007fff8bb80000 - 0x00007fff8bba5000 	C:\Windows\SYSTEM32\bcrypt.dll
0x00007fff8bf50000 - 0x00007fff8bf79000 	C:\Windows\SYSTEM32\USERENV.dll
0x00007fff8ba90000 - 0x00007fff8ba9b000 	C:\Windows\SYSTEM32\CRYPTBASE.dll
0x00007fff8b640000 - 0x00007fff8b679000 	C:\Windows\SYSTEM32\IPHLPAPI.DLL
0x00007fff8f0b0000 - 0x00007fff8f0b8000 	C:\Windows\System32\NSI.dll
0x00007fff87770000 - 0x00007fff87786000 	C:\Windows\SYSTEM32\dhcpcsvc6.DLL
0x00007fff875b0000 - 0x00007fff875ca000 	C:\Windows\SYSTEM32\dhcpcsvc.DLL
0x00000000669f0000 - 0x0000000066a01000 	E:\java\jdk1.8.0_191\jre\bin\nio.dll
0x00007fff70950000 - 0x00007fff7095a000 	C:\Users\Administrator\AppData\Local\Temp\jansi-1.17.1-1781071937932261612.dll
0x00007fff67730000 - 0x00007fff6773a000 	C:\Users\Administrator\AppData\Local\Temp\jansi-1.17.1-7296918623612632433.dll
0x0000000066670000 - 0x000000006667d000 	E:\java\jdk1.8.0_191\jre\bin\management.dll

VM Arguments:
jvm_args: -Dmaven.multiModuleProjectDirectory=E:\wangyigou\wangyigou_parent\wangyigou_sellergoods_service -Dmaven.home=D:\apache-maven-3.6.0\apache-maven-3.6.0 -Dclassworlds.conf=D:\apache-maven-3.6.0\apache-maven-3.6.0\bin\m2.conf -javaagent:D:\idea\IntelliJ IDEA 2018.2.5\lib\idea_rt.jar=58443:D:\idea\IntelliJ IDEA 2018.2.5\bin -Dfile.encoding=UTF-8 
java_command: org.codehaus.classworlds.Launcher -Didea.version=2018.2.5 -s D:\apache-maven-3.6.0\apache-maven-3.6.0\conf\settings.xml -Dmaven.repo.local=D:\apache-maven-3.6.0\apache-maven-3.6.0\repository_wangyigou -DskipTests=true tomcat7:run
java_class_path (initial): D:\apache-maven-3.6.0\apache-maven-3.6.0\boot\plexus-classworlds-2.5.2.jar;D:\idea\IntelliJ IDEA 2018.2.5\lib\idea_rt.jar
Launcher Type: SUN_STANDARD

Environment Variables:
JAVA_HOME=E:\java\jdk1.8.0_191
PATH=C:\Windows\system32;C:\Windows;C:\Windows\System32\Wbem;C:\Windows\System32\WindowsPowerShell\v1.0\;E:\java\jdk1.8.0_191\bin;D:\svnr\bin;D:\mysql-8.0.13-winx64\bin;D:\P\python;D:\Git\cmd;E:\;C:\Android;C:\Windows\System32;C:\Program Files\MySQL\MySQL Server 5.5\bin;C:\Users\Administrator\AppData\Local\Microsoft\WindowsApps;C:\Users\Administrator\AppData\Roaming\npm
USERNAME=Administrator
OS=Windows_NT
PROCESSOR_IDENTIFIER=Intel64 Family 6 Model 58 Stepping 9, GenuineIntel



---------------  S Y S T E M  ---------------

OS: Windows 10.0 , 64 bit Build 16299 (10.0.16299.431)

CPU:total 4 (initial active 4) (2 cores per cpu, 2 threads per core) family 6 model 58 stepping 9, cmov, cx8, fxsr, mmx, sse, sse2, sse3, ssse3, sse4.1, sse4.2, popcnt, avx, aes, clmul, erms, ht, tsc, tscinvbit, tscinv

Memory: 4k page, physical 8078996k(1031136k free), swap 21186196k(5620k free)

vm_info: Java HotSpot(TM) 64-Bit Server VM (25.191-b12) for windows-amd64 JRE (1.8.0_191-b12), built on Oct  6 2018 09:29:03 by "java_re" with MS VC++ 10.0 (VS2010)

time: Fri Feb 22 21:33:57 2019
elapsed time: 7 seconds (0d 0h 0m 7s)

